<?xml version="1.0" encoding="UTF-8"?>
<testng-results ignored="0" total="1" passed="1" failed="0" skipped="0">
  <reporter-output>
  </reporter-output>
  <suite started-at="2022-05-23T12:54:53 IST" name="Default suite" finished-at="2022-05-23T12:55:17 IST" duration-ms="23307">
    <groups>
    </groups>
    <test started-at="2022-05-23T12:54:53 IST" name="Default test" finished-at="2022-05-23T12:55:17 IST" duration-ms="23307">
      <class name="Action.MouseHoverTest">
        <test-method is-config="true" signature="launchbrowser()[pri:0, instance:Action.MouseHoverTest@5fdcaa40]" started-at="2022-05-23T12:54:53 IST" name="launchbrowser" finished-at="2022-05-23T12:55:13 IST" duration-ms="19373" status="PASS">
          <reporter-output>
          </reporter-output>
        </test-method> <!-- launchbrowser -->
        <test-method signature="mousehoverEvent()[pri:0, instance:Action.MouseHoverTest@5fdcaa40]" started-at="2022-05-23T12:55:13 IST" name="mousehoverEvent" finished-at="2022-05-23T12:55:17 IST" duration-ms="3872" status="PASS">
          <reporter-output>
          </reporter-output>
        </test-method> <!-- mousehoverEvent -->
        <test-method is-config="true" signature="tearDown()[pri:0, instance:Action.MouseHoverTest@5fdcaa40]" started-at="2022-05-23T12:55:17 IST" name="tearDown" finished-at="2022-05-23T12:55:17 IST" duration-ms="2" status="PASS">
          <reporter-output>
          </reporter-output>
        </test-method> <!-- tearDown -->
      </class> <!-- Action.MouseHoverTest -->
    </test> <!-- Default test -->
  </suite> <!-- Default suite -->
</testng-results>
