<?xml version="1.0" encoding="UTF-8"?>
<!-- Generated by org.testng.reporters.JUnitXMLReporter -->
<testsuite ignored="0" hostname="DESKTOP-6MHD4P6" failures="0" tests="3" name="Default test" time="35.345" errors="0" timestamp="2022-05-23T12:04:13 IST">
  <testcase classname="Seleniummisc.WebTableOperations" name="tableRows" time="0.2"/>
  <testcase classname="Seleniummisc.WebTableOperations" name="tableCols" time="0.054"/>
  <testcase classname="Seleniummisc.WebTableOperations" name="getdata" time="0.082"/>
</testsuite> <!-- Default test -->
