<?xml version="1.0" encoding="UTF-8"?>
<testng-results ignored="0" total="1" passed="1" failed="0" skipped="0">
  <reporter-output>
  </reporter-output>
  <suite started-at="2022-05-21T22:09:57 IST" name="Default suite" finished-at="2022-05-21T22:10:11 IST" duration-ms="14172">
    <groups>
    </groups>
    <test started-at="2022-05-21T22:09:57 IST" name="Default test" finished-at="2022-05-21T22:10:11 IST" duration-ms="14172">
      <class name="selenium.seleniumlocator5">
        <test-method is-config="true" signature="launchbrowser()[pri:0, instance:selenium.seleniumlocator5@441772e]" started-at="2022-05-21T22:09:57 IST" name="launchbrowser" finished-at="2022-05-21T22:10:04 IST" duration-ms="7017" status="PASS">
          <reporter-output>
          </reporter-output>
        </test-method> <!-- launchbrowser -->
        <test-method signature="locatortest()[pri:0, instance:selenium.seleniumlocator5@441772e]" started-at="2022-05-21T22:10:04 IST" name="locatortest" finished-at="2022-05-21T22:10:09 IST" duration-ms="5451" status="PASS">
          <reporter-output>
          </reporter-output>
        </test-method> <!-- locatortest -->
        <test-method is-config="true" signature="closebrowser()[pri:0, instance:selenium.seleniumlocator5@441772e]" started-at="2022-05-21T22:10:09 IST" name="closebrowser" finished-at="2022-05-21T22:10:11 IST" duration-ms="1631" status="PASS">
          <reporter-output>
          </reporter-output>
        </test-method> <!-- closebrowser -->
      </class> <!-- selenium.seleniumlocator5 -->
    </test> <!-- Default test -->
  </suite> <!-- Default suite -->
</testng-results>
