<?xml version="1.0" encoding="UTF-8"?>
<testng-results ignored="0" total="3" passed="3" failed="0" skipped="0">
  <reporter-output>
  </reporter-output>
  <suite started-at="2022-05-23T12:03:37 IST" name="Default suite" finished-at="2022-05-23T12:04:12 IST" duration-ms="35345">
    <groups>
    </groups>
    <test started-at="2022-05-23T12:03:37 IST" name="Default test" finished-at="2022-05-23T12:04:12 IST" duration-ms="35345">
      <class name="Seleniummisc.WebTableOperations">
        <test-method is-config="true" signature="launchbrowser()[pri:0, instance:Seleniummisc.WebTableOperations@5e0826e7]" started-at="2022-05-23T12:03:37 IST" name="launchbrowser" finished-at="2022-05-23T12:04:12 IST" duration-ms="34894" status="PASS">
          <reporter-output>
          </reporter-output>
        </test-method> <!-- launchbrowser -->
        <test-method signature="tableRows()[pri:1, instance:Seleniummisc.WebTableOperations@5e0826e7]" started-at="2022-05-23T12:04:12 IST" name="tableRows" finished-at="2022-05-23T12:04:12 IST" duration-ms="200" status="PASS">
          <reporter-output>
          </reporter-output>
        </test-method> <!-- tableRows -->
        <test-method is-config="true" signature="tearDown()[pri:0, instance:Seleniummisc.WebTableOperations@5e0826e7]" started-at="2022-05-23T12:04:12 IST" name="tearDown" finished-at="2022-05-23T12:04:12 IST" duration-ms="4" status="PASS">
          <reporter-output>
          </reporter-output>
        </test-method> <!-- tearDown -->
        <test-method signature="tableCols()[pri:2, instance:Seleniummisc.WebTableOperations@5e0826e7]" started-at="2022-05-23T12:04:12 IST" name="tableCols" finished-at="2022-05-23T12:04:12 IST" duration-ms="54" status="PASS">
          <reporter-output>
          </reporter-output>
        </test-method> <!-- tableCols -->
        <test-method is-config="true" signature="tearDown()[pri:0, instance:Seleniummisc.WebTableOperations@5e0826e7]" started-at="2022-05-23T12:04:12 IST" name="tearDown" finished-at="2022-05-23T12:04:12 IST" duration-ms="1" status="PASS">
          <reporter-output>
          </reporter-output>
        </test-method> <!-- tearDown -->
        <test-method signature="getdata()[pri:3, instance:Seleniummisc.WebTableOperations@5e0826e7]" started-at="2022-05-23T12:04:12 IST" name="getdata" finished-at="2022-05-23T12:04:12 IST" duration-ms="82" status="PASS">
          <reporter-output>
          </reporter-output>
        </test-method> <!-- getdata -->
        <test-method is-config="true" signature="tearDown()[pri:0, instance:Seleniummisc.WebTableOperations@5e0826e7]" started-at="2022-05-23T12:04:12 IST" name="tearDown" finished-at="2022-05-23T12:04:12 IST" duration-ms="0" status="PASS">
          <reporter-output>
          </reporter-output>
        </test-method> <!-- tearDown -->
      </class> <!-- Seleniummisc.WebTableOperations -->
    </test> <!-- Default test -->
  </suite> <!-- Default suite -->
</testng-results>
