<?xml version="1.0" encoding="UTF-8"?>
<testng-results ignored="0" total="1" passed="1" failed="0" skipped="0">
  <reporter-output>
  </reporter-output>
  <suite started-at="2022-05-22T23:27:49 IST" name="Default suite" finished-at="2022-05-22T23:28:32 IST" duration-ms="43123">
    <groups>
    </groups>
    <test started-at="2022-05-22T23:27:49 IST" name="Default test" finished-at="2022-05-22T23:28:32 IST" duration-ms="43123">
      <class name="Link.Linktestiii">
        <test-method is-config="true" signature="launchbrowser()[pri:0, instance:Link.Linktestiii@7ed7259e]" started-at="2022-05-22T23:27:49 IST" name="launchbrowser" finished-at="2022-05-22T23:28:20 IST" duration-ms="30571" status="PASS">
          <reporter-output>
          </reporter-output>
        </test-method> <!-- launchbrowser -->
        <test-method signature="linktestt()[pri:0, instance:Link.Linktestiii@7ed7259e]" started-at="2022-05-22T23:28:20 IST" name="linktestt" finished-at="2022-05-22T23:28:32 IST" duration-ms="12428" status="PASS">
          <reporter-output>
          </reporter-output>
        </test-method> <!-- linktestt -->
        <test-method is-config="true" signature="closebrowser()[pri:0, instance:Link.Linktestiii@7ed7259e]" started-at="2022-05-22T23:28:32 IST" name="closebrowser" finished-at="2022-05-22T23:28:32 IST" duration-ms="0" status="PASS">
          <reporter-output>
          </reporter-output>
        </test-method> <!-- closebrowser -->
      </class> <!-- Link.Linktestiii -->
    </test> <!-- Default test -->
  </suite> <!-- Default suite -->
</testng-results>
